SF:lib\main.dart
DA:33,1
DA:34,1
DA:35,1
DA:36,1
DA:38,1
DA:39,2
DA:43,1
DA:45,1
DA:46,1
DA:47,1
DA:48,3
DA:50,1
DA:51,3
DA:53,1
DA:54,0
DA:56,1
DA:57,0
DA:59,1
DA:60,0
DA:62,1
DA:63,0
DA:65,1
DA:66,0
DA:68,1
DA:69,0
DA:71,1
DA:72,3
DA:74,1
DA:75,3
DA:78,1
DA:80,2
DA:84,1
DA:86,1
DA:87,2
DA:88,1
DA:89,1
DA:90,1
DA:91,0
DA:92,1
DA:93,0
DA:94,1
DA:95,0
DA:96,1
DA:97,0
DA:98,1
DA:99,0
DA:100,1
DA:101,0
DA:102,1
DA:103,1
DA:104,1
DA:105,2
DA:108,1
DA:109,0
DA:110,0
DA:111,0
DA:114,1
DA:115,0
DA:116,1
DA:117,0
DA:118,1
DA:119,3
DA:120,0
DA:121,0
DA:123,0
DA:124,0
DA:125,0
DA:126,0
LF:68
LH:45
end_of_record
SF:lib\firebase_options.dart
DA:18,1
DA:22,1
DA:23,1
DA:25,0
DA:27,0
DA:28,0
DA:32,0
DA:33,0
DA:37,0
DA:38,0
DA:43,0
LF:11
LH:3
end_of_record
SF:lib\injection.dart
DA:45,3
DA:47,1
DA:49,2
DA:50,2
DA:51,2
DA:52,2
DA:53,2
DA:56,2
DA:57,0
DA:58,0
DA:59,0
DA:60,0
DA:63,2
DA:64,2
DA:65,2
DA:66,2
DA:67,2
DA:68,2
DA:69,2
DA:72,2
DA:73,0
DA:74,0
DA:75,0
DA:76,0
DA:77,0
DA:78,0
DA:81,2
DA:82,0
DA:83,0
DA:86,2
DA:87,0
DA:88,0
DA:91,2
DA:92,0
DA:93,0
DA:96,2
DA:97,0
DA:98,0
DA:101,2
DA:102,2
DA:103,2
DA:106,2
DA:107,2
DA:108,2
DA:113,6
DA:114,6
DA:115,6
DA:116,6
DA:117,6
DA:118,2
DA:119,6
DA:120,6
DA:121,6
DA:122,6
DA:123,2
DA:124,2
DA:125,2
DA:126,2
DA:127,2
DA:128,2
DA:129,2
DA:130,2
DA:131,2
DA:132,6
DA:135,2
DA:136,2
DA:137,2
DA:138,2
DA:141,2
DA:142,2
DA:143,2
DA:144,2
DA:149,2
DA:150,4
DA:151,2
DA:152,4
DA:153,2
DA:154,4
DA:155,2
DA:156,4
DA:159,4
DA:160,4
DA:163,1
DA:165,3
LF:84
LH:66
end_of_record
